<object-stream>
<org.drools.core.audit.WorkingMemoryLog>
  <version>6.1</version>
  <events>
    <org.drools.core.audit.event.RuleFlowLogEvent>
      <type>8</type>
      <processId>com.sample.bpmn.hello</processId>
      <processName>Hello World</processName>
      <processInstanceId>1</processInstanceId>
    </org.drools.core.audit.event.RuleFlowLogEvent>
    <org.drools.core.audit.event.RuleFlowNodeLogEvent>
      <type>24</type>
      <processId>com.sample.bpmn.hello</processId>
      <processName>Hello World</processName>
      <processInstanceId>1</processInstanceId>
      <nodeId>_1</nodeId>
      <nodeInstanceId>0</nodeInstanceId>
    </org.drools.core.audit.event.RuleFlowNodeLogEvent>
    <org.drools.core.audit.event.RuleFlowNodeLogEvent>
      <type>26</type>
      <processId>com.sample.bpmn.hello</processId>
      <processName>Hello World</processName>
      <processInstanceId>1</processInstanceId>
      <nodeId>_1</nodeId>
      <nodeInstanceId>0</nodeInstanceId>
    </org.drools.core.audit.event.RuleFlowNodeLogEvent>
    <org.drools.core.audit.event.RuleFlowNodeLogEvent>
      <type>24</type>
      <processId>com.sample.bpmn.hello</processId>
      <processName>Hello World</processName>
      <processInstanceId>1</processInstanceId>
      <nodeId>_2</nodeId>
      <nodeName>Hello</nodeName>
      <nodeInstanceId>1</nodeInstanceId>
    </org.drools.core.audit.event.RuleFlowNodeLogEvent>
    <org.drools.core.audit.event.RuleFlowNodeLogEvent>
      <type>26</type>
      <processId>com.sample.bpmn.hello</processId>
      <processName>Hello World</processName>
      <processInstanceId>1</processInstanceId>
      <nodeId>_2</nodeId>
      <nodeName>Hello</nodeName>
      <nodeInstanceId>1</nodeInstanceId>
    </org.drools.core.audit.event.RuleFlowNodeLogEvent>
    <org.drools.core.audit.event.RuleFlowNodeLogEvent>
      <type>24</type>
      <processId>com.sample.bpmn.hello</processId>
      <processName>Hello World</processName>
      <processInstanceId>1</processInstanceId>
      <nodeId>_3</nodeId>
      <nodeInstanceId>2</nodeInstanceId>
    </org.drools.core.audit.event.RuleFlowNodeLogEvent>
    <org.drools.core.audit.event.RuleFlowNodeLogEvent>
      <type>26</type>
      <processId>com.sample.bpmn.hello</processId>
      <processName>Hello World</processName>
      <processInstanceId>1</processInstanceId>
      <nodeId>_3</nodeId>
      <nodeInstanceId>2</nodeInstanceId>
    </org.drools.core.audit.event.RuleFlowNodeLogEvent>
    <org.drools.core.audit.event.RuleFlowLogEvent>
      <type>10</type>
      <processId>com.sample.bpmn.hello</processId>
      <processName>Hello World</processName>
      <processInstanceId>1</processInstanceId>
    </org.drools.core.audit.event.RuleFlowLogEvent>
    <org.drools.core.audit.event.RuleFlowLogEvent>
      <type>11</type>
      <processId>com.sample.bpmn.hello</processId>
      <processName>Hello World</processName>
      <processInstanceId>1</processInstanceId>
    </org.drools.core.audit.event.RuleFlowLogEvent>
    <org.drools.core.audit.event.RuleFlowNodeLogEvent>
      <type>27</type>
      <processId>com.sample.bpmn.hello</processId>
      <processName>Hello World</processName>
      <processInstanceId>1</processInstanceId>
      <nodeId>_3</nodeId>
      <nodeInstanceId>2</nodeInstanceId>
    </org.drools.core.audit.event.RuleFlowNodeLogEvent>
    <org.drools.core.audit.event.RuleFlowNodeLogEvent>
      <type>25</type>
      <processId>com.sample.bpmn.hello</processId>
      <processName>Hello World</processName>
      <processInstanceId>1</processInstanceId>
      <nodeId>_3</nodeId>
      <nodeInstanceId>2</nodeInstanceId>
    </org.drools.core.audit.event.RuleFlowNodeLogEvent>
    <org.drools.core.audit.event.RuleFlowNodeLogEvent>
      <type>27</type>
      <processId>com.sample.bpmn.hello</processId>
      <processName>Hello World</processName>
      <processInstanceId>1</processInstanceId>
      <nodeId>_2</nodeId>
      <nodeName>Hello</nodeName>
      <nodeInstanceId>1</nodeInstanceId>
    </org.drools.core.audit.event.RuleFlowNodeLogEvent>
    <org.drools.core.audit.event.RuleFlowNodeLogEvent>
      <type>25</type>
      <processId>com.sample.bpmn.hello</processId>
      <processName>Hello World</processName>
      <processInstanceId>1</processInstanceId>
      <nodeId>_2</nodeId>
      <nodeName>Hello</nodeName>
      <nodeInstanceId>1</nodeInstanceId>
    </org.drools.core.audit.event.RuleFlowNodeLogEvent>
    <org.drools.core.audit.event.RuleFlowNodeLogEvent>
      <type>27</type>
      <processId>com.sample.bpmn.hello</processId>
      <processName>Hello World</processName>
      <processInstanceId>1</processInstanceId>
      <nodeId>_1</nodeId>
      <nodeInstanceId>0</nodeInstanceId>
    </org.drools.core.audit.event.RuleFlowNodeLogEvent>
    <org.drools.core.audit.event.RuleFlowNodeLogEvent>
      <type>25</type>
      <processId>com.sample.bpmn.hello</processId>
      <processName>Hello World</processName>
      <processInstanceId>1</processInstanceId>
      <nodeId>_1</nodeId>
      <nodeInstanceId>0</nodeInstanceId>
    </org.drools.core.audit.event.RuleFlowNodeLogEvent>
    <org.drools.core.audit.event.RuleFlowLogEvent>
      <type>9</type>
      <processId>com.sample.bpmn.hello</processId>
      <processName>Hello World</processName>
      <processInstanceId>1</processInstanceId>
    </org.drools.core.audit.event.RuleFlowLogEvent>
  </events>
</org.drools.core.audit.WorkingMemoryLog>
</object-stream>
